{"/Users/bartavius/Desktop/personal/neetcode/neetcodeio/javascript/ValidAnagram.js": {"path":"/Users/bartavius/Desktop/personal/neetcode/neetcodeio/javascript/ValidAnagram.js","statementMap":{"0":{"start":{"line":11,"column":8},"end":{"line":11,"column":48}},"1":{"start":{"line":11,"column":35},"end":{"line":11,"column":48}},"2":{"start":{"line":13,"column":22},"end":{"line":13,"column":24}},"3":{"start":{"line":14,"column":22},"end":{"line":14,"column":24}},"4":{"start":{"line":19,"column":8},"end":{"line":25,"column":9}},"5":{"start":{"line":19,"column":21},"end":{"line":19,"column":22}},"6":{"start":{"line":20,"column":12},"end":{"line":20,"column":22}},"7":{"start":{"line":21,"column":12},"end":{"line":21,"column":22}},"8":{"start":{"line":23,"column":12},"end":{"line":23,"column":45}},"9":{"start":{"line":24,"column":12},"end":{"line":24,"column":45}},"10":{"start":{"line":28,"column":8},"end":{"line":32,"column":9}},"11":{"start":{"line":29,"column":12},"end":{"line":31,"column":13}},"12":{"start":{"line":30,"column":16},"end":{"line":30,"column":29}},"13":{"start":{"line":33,"column":8},"end":{"line":33,"column":20}},"14":{"start":{"line":37,"column":0},"end":{"line":37,"column":26}}},"fnMap":{"0":{"name":"(anonymous_0)","decl":{"start":{"line":7,"column":4},"end":{"line":7,"column":5}},"loc":{"start":{"line":7,"column":25},"end":{"line":34,"column":5}},"line":7}},"branchMap":{"0":{"loc":{"start":{"line":11,"column":8},"end":{"line":11,"column":48}},"type":"if","locations":[{"start":{"line":11,"column":8},"end":{"line":11,"column":48}},{"start":{},"end":{}}],"line":11},"1":{"loc":{"start":{"line":23,"column":25},"end":{"line":23,"column":39}},"type":"binary-expr","locations":[{"start":{"line":23,"column":25},"end":{"line":23,"column":34}},{"start":{"line":23,"column":38},"end":{"line":23,"column":39}}],"line":23},"2":{"loc":{"start":{"line":24,"column":25},"end":{"line":24,"column":39}},"type":"binary-expr","locations":[{"start":{"line":24,"column":25},"end":{"line":24,"column":34}},{"start":{"line":24,"column":38},"end":{"line":24,"column":39}}],"line":24},"3":{"loc":{"start":{"line":29,"column":12},"end":{"line":31,"column":13}},"type":"if","locations":[{"start":{"line":29,"column":12},"end":{"line":31,"column":13}},{"start":{},"end":{}}],"line":29}},"s":{"0":16,"1":6,"2":10,"3":10,"4":10,"5":10,"6":44,"7":44,"8":44,"9":44,"10":10,"11":34,"12":2,"13":8,"14":1},"f":{"0":16},"b":{"0":[6,10],"1":[44,37],"2":[44,38],"3":[2,32]},"_coverageSchema":"1a1c01bbd47fc00a2c39e90264f33305004495a9","hash":"3967b3d44bf68be1644d57e6d5c0fdd30cd1cdc7"}
}
